Arguments: 
  /home/manas/.nvm/versions/node/v16.17.0/bin/node /home/manas/.cache/node/corepack/yarn/1.22.19/bin/yarn.js add @mui/styles

PATH: 
  /home/manas/.nvm/versions/node/v16.17.0/bin:/usr/local/sbin:/usr/local/bin:/usr/sbin:/usr/bin:/sbin:/bin:/usr/games:/usr/local/games:/snap/bin

Yarn version: 
  1.22.19

Node version: 
  16.17.0

Platform: 
  linux x64

Trace: 
  Error: ENOENT: no such file or directory, copyfile '/home/manas/.cache/yarn/v6/npm-css-vendor-2.0.8-e47f91d3bd3117d49180a3c935e62e3d9f7f449d-integrity/node_modules/css-vendor/dist/css-vendor.cjs.js' -> '/home/manas/react-training/travelbuddy_app/node_modules/css-vendor/dist/css-vendor.cjs.js'

npm manifest: 
  {
    "name": "travelbuddy_app",
    "version": "0.1.0",
    "private": true,
    "dependencies": {
      "@testing-library/jest-dom": "^5.16.5",
      "@testing-library/react": "^13.3.0",
      "@testing-library/user-event": "^13.5.0",
      "react": "^18.2.0",
      "react-dom": "^18.2.0",
      "react-scripts": "5.0.1",
      "web-vitals": "^2.1.4"
    },
    "scripts": {
      "start": "react-scripts start",
      "build": "react-scripts build",
      "test": "react-scripts test",
      "eject": "react-scripts eject"
    },
    "eslintConfig": {
      "extends": [
        "react-app",
        "react-app/jest"
      ]
    },
    "browserslist": {
      "production": [
        ">0.2%",
        "not dead",
        "not op_mini all"
      ],
      "development": [
        "last 1 chrome version",
        "last 1 firefox version",
        "last 1 safari version"
      ]
    }
  }

yarn manifest: 
  No manifest

Lockfile: 
  No lockfile
